

Processing HomeController#index (for 127.0.0.1 at 2009-12-09 19:24:56) [GET]
Rendering home/index
Completed in 9ms (View: 7, DB: 0) | 200 OK [http://localhost/home]


Processing HomeController#index (for 127.0.0.1 at 2009-12-09 19:26:55) [GET]
Rendering home/index
Completed in 9ms (View: 8, DB: 0) | 200 OK [http://localhost/]


Processing HomeController#index (for 127.0.0.1 at 2009-12-09 19:36:44) [GET]
Rendering template within layouts/home
Rendering home/index
Completed in 799ms (View: 797, DB: 0) | 200 OK [http://localhost/]


Processing ApplicationController#index (for 127.0.0.1 at 2009-12-09 19:36:45) [GET]

ActionController::RoutingError (No route matches "/stylesheets/main.css" with {:method=>:get}):
  

Rendering rescues/layout (not_found)


Processing HomeController#index (for 127.0.0.1 at 2009-12-09 19:37:15) [GET]
Rendering template within layouts/home
Rendering home/index
Completed in 8ms (View: 7, DB: 0) | 200 OK [http://localhost/]


Processing ApplicationController#index (for 127.0.0.1 at 2009-12-09 19:37:15) [GET]

ActionController::RoutingError (No route matches "/stylesheets/main.css" with {:method=>:get}):
  

Rendering rescues/layout (not_found)


Processing HomeController#index (for 127.0.0.1 at 2009-12-09 19:38:07) [GET]
Rendering template within layouts/home
Rendering home/index
Completed in 8ms (View: 7, DB: 0) | 200 OK [http://localhost/]


Processing ApplicationController#index (for 127.0.0.1 at 2009-12-09 19:38:07) [GET]

ActionController::RoutingError (No route matches "/stylesheets/main.css" with {:method=>:get}):
  

Rendering rescues/layout (not_found)


Processing HomeController#index (for 127.0.0.1 at 2009-12-09 19:38:57) [GET]
Rendering template within layouts/home
Rendering home/index
Completed in 14ms (View: 13, DB: 0) | 200 OK [http://localhost/]


Processing ApplicationController#index (for 127.0.0.1 at 2009-12-09 19:38:57) [GET]

ActionController::RoutingError (No route matches "/stylesheets/main.css" with {:method=>:get}):
  

Rendering rescues/layout (not_found)


Processing HomeController#index (for 127.0.0.1 at 2009-12-09 19:39:44) [GET]
Rendering template within layouts/home
Rendering home/index
Completed in 9ms (View: 7, DB: 0) | 200 OK [http://localhost/]


Processing ApplicationController#index (for 127.0.0.1 at 2009-12-09 19:39:44) [GET]

ActionController::RoutingError (No route matches "/stylesheets/tiger.css" with {:method=>:get}):
  

Rendering rescues/layout (not_found)


Processing HomeController#index (for 127.0.0.1 at 2009-12-09 19:40:36) [GET]
Rendering template within layouts/home
Rendering home/index

ActionView::TemplateError (No expansion found for :tiger) on line #12 of app/views/layouts/home.html.erb:
9:   <meta http-equiv="content-type" content="text/html;charset=UTF-8" />
10:   <title>Tom says I need to get a life! : So I created a Tiger chronology</title>
11:   <%= javascript_include_tag :defaults%>
12:   <%= javascript_include_tag :tiger%>
13:   <%= stylesheet_link_tag 'tiger' %>
14:   <script src="http://static.simile.mit.edu/timeline/api-2.3.0/timeline-api.js?bundle=true" type="text/javascript"></script>
15: </head>

    app/views/layouts/home.html.erb:12

Rendered rescues/_trace (91.2ms)
Rendered rescues/_request_and_response (25.7ms)
Rendering rescues/layout (internal_server_error)


Processing HomeController#index (for 127.0.0.1 at 2009-12-09 19:40:49) [GET]
Rendering template within layouts/home
Rendering home/index
Completed in 10ms (View: 8, DB: 0) | 200 OK [http://localhost/]


Processing ApplicationController#index (for 127.0.0.1 at 2009-12-09 19:40:49) [GET]

ActionController::RoutingError (No route matches "/stylesheets/main.css" with {:method=>:get}):
  

Rendering rescues/layout (not_found)


Processing ApplicationController#index (for 127.0.0.1 at 2009-12-09 19:40:50) [GET]
  Parameters: {"0"=>nil}

ActionController::RoutingError (No route matches "/__history__.html" with {:method=>:get}):
  

Rendering rescues/layout (not_found)


Processing HomeController#index (for 127.0.0.1 at 2009-12-09 19:41:24) [GET]
Rendering template within layouts/home
Rendering home/index
Completed in 9ms (View: 7, DB: 0) | 200 OK [http://localhost/]


Processing ApplicationController#index (for 127.0.0.1 at 2009-12-09 19:41:25) [GET]

ActionController::RoutingError (No route matches "/stylesheets/main.css" with {:method=>:get}):
  

Rendering rescues/layout (not_found)


Processing ApplicationController#index (for 127.0.0.1 at 2009-12-09 19:41:25) [GET]
  Parameters: {"0"=>nil}

ActionController::RoutingError (No route matches "/__history__.html" with {:method=>:get}):
  

Rendering rescues/layout (not_found)


Processing HomeController#index (for 127.0.0.1 at 2009-12-09 19:41:52) [GET]
Rendering template within layouts/home
Rendering home/index
Completed in 9ms (View: 7, DB: 0) | 200 OK [http://localhost/]


Processing ApplicationController#index (for 127.0.0.1 at 2009-12-09 19:41:52) [GET]

ActionController::RoutingError (No route matches "/stylesheets/main.css" with {:method=>:get}):
  

Rendering rescues/layout (not_found)


Processing ApplicationController#index (for 127.0.0.1 at 2009-12-09 19:41:53) [GET]
  Parameters: {"0"=>nil}

ActionController::RoutingError (No route matches "/__history__.html" with {:method=>:get}):
  

Rendering rescues/layout (not_found)


Processing HomeController#index (for 127.0.0.1 at 2009-12-09 19:42:39) [GET]
Rendering template within layouts/home
Rendering home/index
Completed in 9ms (View: 8, DB: 0) | 200 OK [http://localhost/]


Processing ApplicationController#index (for 127.0.0.1 at 2009-12-09 19:42:39) [GET]

ActionController::RoutingError (No route matches "/stylesheets/main.css" with {:method=>:get}):
  

Rendering rescues/layout (not_found)


Processing ApplicationController#index (for 127.0.0.1 at 2009-12-09 19:42:40) [GET]
  Parameters: {"0"=>nil}

ActionController::RoutingError (No route matches "/__history__.html" with {:method=>:get}):
  

Rendering rescues/layout (not_found)


Processing HomeController#index (for 127.0.0.1 at 2009-12-09 19:43:17) [GET]
Rendering template within layouts/home
Rendering home/index
Completed in 4ms (View: 3, DB: 0) | 200 OK [http://localhost/]


Processing ApplicationController#index (for 127.0.0.1 at 2009-12-09 19:43:17) [GET]

ActionController::RoutingError (No route matches "/stylesheets/main.css" with {:method=>:get}):
  

Rendering rescues/layout (not_found)


Processing ApplicationController#index (for 127.0.0.1 at 2009-12-09 19:43:18) [GET]
  Parameters: {"0"=>nil}

ActionController::RoutingError (No route matches "/__history__.html" with {:method=>:get}):
  

Rendering rescues/layout (not_found)


Processing HomeController#index (for 127.0.0.1 at 2009-12-09 19:44:07) [GET]
Rendering template within layouts/home
Rendering home/index
Completed in 4ms (View: 3, DB: 0) | 200 OK [http://localhost/]


Processing ApplicationController#index (for 127.0.0.1 at 2009-12-09 19:44:07) [GET]

ActionController::RoutingError (No route matches "/stylesheets/main.css" with {:method=>:get}):
  

Rendering rescues/layout (not_found)


Processing ApplicationController#index (for 127.0.0.1 at 2009-12-09 19:44:09) [GET]

ActionController::RoutingError (No route matches "/stylesheets/main.css" with {:method=>:get}):
  

Rendering rescues/layout (not_found)


Processing ApplicationController#index (for 127.0.0.1 at 2009-12-09 19:44:13) [GET]
  Parameters: {"0"=>nil}

ActionController::RoutingError (No route matches "/__history__.html" with {:method=>:get}):
  

Rendering rescues/layout (not_found)


Processing HomeController#index (for 127.0.0.1 at 2009-12-09 19:45:11) [GET]
Rendering template within layouts/home
Rendering home/index
Completed in 9ms (View: 7, DB: 0) | 200 OK [http://localhost/]


Processing ApplicationController#index (for 127.0.0.1 at 2009-12-09 19:45:12) [GET]

ActionController::RoutingError (No route matches "/stylesheets/main.css" with {:method=>:get}):
  

Rendering rescues/layout (not_found)


Processing ApplicationController#index (for 127.0.0.1 at 2009-12-09 19:45:12) [GET]

ActionController::RoutingError (No route matches "/stylesheets/main.css" with {:method=>:get}):
  

Rendering rescues/layout (not_found)


Processing ApplicationController#index (for 127.0.0.1 at 2009-12-09 19:45:13) [GET]
  Parameters: {"0"=>nil}

ActionController::RoutingError (No route matches "/__history__.html" with {:method=>:get}):
  

Rendering rescues/layout (not_found)


Processing HomeController#index (for 127.0.0.1 at 2009-12-09 19:46:45) [GET]
Rendering template within layouts/home
Rendering home/index
Completed in 4ms (View: 3, DB: 0) | 200 OK [http://localhost/]


Processing ApplicationController#index (for 127.0.0.1 at 2009-12-09 19:46:45) [GET]

ActionController::RoutingError (No route matches "/stylesheets/main.css" with {:method=>:get}):
  

Rendering rescues/layout (not_found)


Processing ApplicationController#index (for 127.0.0.1 at 2009-12-09 19:46:45) [GET]

ActionController::RoutingError (No route matches "/stylesheets/main.css" with {:method=>:get}):
  

Rendering rescues/layout (not_found)


Processing ApplicationController#index (for 127.0.0.1 at 2009-12-09 19:46:46) [GET]
  Parameters: {"0"=>nil}

ActionController::RoutingError (No route matches "/__history__.html" with {:method=>:get}):
  

Rendering rescues/layout (not_found)


Processing HomeController#index (for 127.0.0.1 at 2009-12-09 19:46:53) [GET]
Rendering template within layouts/home
Rendering home/index
Completed in 4ms (View: 3, DB: 0) | 200 OK [http://localhost/]


Processing ApplicationController#index (for 127.0.0.1 at 2009-12-09 19:46:53) [GET]

ActionController::RoutingError (No route matches "/stylesheets/main.css" with {:method=>:get}):
  

Rendering rescues/layout (not_found)


Processing ApplicationController#index (for 127.0.0.1 at 2009-12-09 19:46:53) [GET]

ActionController::RoutingError (No route matches "/stylesheets/main.css" with {:method=>:get}):
  

Rendering rescues/layout (not_found)


Processing ApplicationController#index (for 127.0.0.1 at 2009-12-09 19:46:55) [GET]
  Parameters: {"0"=>nil}

ActionController::RoutingError (No route matches "/__history__.html" with {:method=>:get}):
  

Rendering rescues/layout (not_found)


Processing HomeController#index (for 127.0.0.1 at 2009-12-09 19:47:21) [GET]
Rendering template within layouts/home
Rendering home/index
Completed in 5ms (View: 3, DB: 0) | 200 OK [http://localhost/]


Processing ApplicationController#index (for 127.0.0.1 at 2009-12-09 19:47:21) [GET]

ActionController::RoutingError (No route matches "/stylesheets/main.css" with {:method=>:get}):
  

Rendering rescues/layout (not_found)


Processing ApplicationController#index (for 127.0.0.1 at 2009-12-09 19:47:21) [GET]

ActionController::RoutingError (No route matches "/stylesheets/main.css" with {:method=>:get}):
  

Rendering rescues/layout (not_found)


Processing ApplicationController#index (for 127.0.0.1 at 2009-12-09 19:47:22) [GET]
  Parameters: {"0"=>nil}

ActionController::RoutingError (No route matches "/__history__.html" with {:method=>:get}):
  

Rendering rescues/layout (not_found)


Processing HomeController#index (for 127.0.0.1 at 2009-12-09 19:49:10) [GET]
Rendering template within layouts/home
Rendering home/index
Completed in 4ms (View: 3, DB: 0) | 200 OK [http://localhost/]


Processing ApplicationController#index (for 127.0.0.1 at 2009-12-09 19:49:10) [GET]

ActionController::RoutingError (No route matches "/stylesheets/main.css" with {:method=>:get}):
  

Rendering rescues/layout (not_found)


Processing ApplicationController#index (for 127.0.0.1 at 2009-12-09 19:49:10) [GET]

ActionController::RoutingError (No route matches "/stylesheets/main.css" with {:method=>:get}):
  

Rendering rescues/layout (not_found)


Processing HomeController#index (for 127.0.0.1 at 2009-12-09 19:49:27) [GET]
Rendering template within layouts/home
Rendering home/index
Completed in 4ms (View: 3, DB: 0) | 200 OK [http://localhost/]


Processing ApplicationController#index (for 127.0.0.1 at 2009-12-09 19:49:27) [GET]

ActionController::RoutingError (No route matches "/stylesheets/main.css" with {:method=>:get}):
  

Rendering rescues/layout (not_found)


Processing ApplicationController#index (for 127.0.0.1 at 2009-12-09 19:49:27) [GET]

ActionController::RoutingError (No route matches "/stylesheets/main.css" with {:method=>:get}):
  

Rendering rescues/layout (not_found)


Processing ApplicationController#index (for 127.0.0.1 at 2009-12-09 19:49:28) [GET]
  Parameters: {"0"=>nil}

ActionController::RoutingError (No route matches "/__history__.html" with {:method=>:get}):
  

Rendering rescues/layout (not_found)


Processing HomeController#index (for 127.0.0.1 at 2009-12-09 19:53:27) [GET]
Rendering template within layouts/home
Rendering home/index
Completed in 4ms (View: 3, DB: 0) | 200 OK [http://localhost/]


Processing ApplicationController#index (for 127.0.0.1 at 2009-12-09 19:53:27) [GET]

ActionController::RoutingError (No route matches "/stylesheets/main.css" with {:method=>:get}):
  

Rendering rescues/layout (not_found)


Processing ApplicationController#index (for 127.0.0.1 at 2009-12-09 19:53:27) [GET]

ActionController::RoutingError (No route matches "/stylesheets/main.css" with {:method=>:get}):
  

Rendering rescues/layout (not_found)


Processing ApplicationController#index (for 127.0.0.1 at 2009-12-09 19:53:28) [GET]
  Parameters: {"0"=>nil}

ActionController::RoutingError (No route matches "/__history__.html" with {:method=>:get}):
  

Rendering rescues/layout (not_found)


Processing ApplicationController#index (for 127.0.0.1 at 2009-12-09 19:53:28) [GET]

ActionController::RoutingError (No route matches "/tiger.json" with {:method=>:get}):
  

Rendering rescues/layout (not_found)


Processing EventsController#index (for 127.0.0.1 at 2009-12-09 19:59:45) [GET]
  [4;36;1mEvent Load (0.0ms)[0m   [0;1mSQLite3::SQLException: no such table: events: SELECT * FROM "events" [0m

ActiveRecord::StatementInvalid (SQLite3::SQLException: no such table: events: SELECT * FROM "events" ):
  app/controllers/events_controller.rb:5:in `index'

Rendered rescues/_trace (38.4ms)
Rendered rescues/_request_and_response (0.3ms)
Rendering rescues/layout (internal_server_error)


Processing ApplicationController#index (for 127.0.0.1 at 2009-12-09 19:59:52) [GET]

ActionController::RoutingError (No route matches "/event" with {:method=>:get}):
  

Rendering rescues/layout (not_found)


Processing EventsController#index (for 127.0.0.1 at 2009-12-09 19:59:57) [GET]
  [4;35;1mEvent Load (0.0ms)[0m   [0mSQLite3::SQLException: no such table: events: SELECT * FROM "events" [0m

ActiveRecord::StatementInvalid (SQLite3::SQLException: no such table: events: SELECT * FROM "events" ):
  app/controllers/events_controller.rb:5:in `index'

Rendered rescues/_trace (37.1ms)
Rendered rescues/_request_and_response (0.3ms)
Rendering rescues/layout (internal_server_error)
  [4;36;1mSQL (0.4ms)[0m   [0;1m SELECT name
 FROM sqlite_master
 WHERE type = 'table' AND NOT name = 'sqlite_sequence'
[0m
  [4;35;1mSQL (0.1ms)[0m   [0mselect sqlite_version(*)[0m
  [4;36;1mSQL (1.9ms)[0m   [0;1mCREATE TABLE "schema_migrations" ("version" varchar(255) NOT NULL) [0m
  [4;35;1mSQL (1.7ms)[0m   [0mCREATE UNIQUE INDEX "unique_schema_migrations" ON "schema_migrations" ("version")[0m
  [4;36;1mSQL (0.2ms)[0m   [0;1m SELECT name
 FROM sqlite_master
 WHERE type = 'table' AND NOT name = 'sqlite_sequence'
[0m
  [4;35;1mSQL (0.1ms)[0m   [0mSELECT version FROM schema_migrations[0m
Migrating to CreateEvents (20091210035919)
  [4;36;1mSQL (0.5ms)[0m   [0;1mCREATE TABLE "events" ("id" INTEGER PRIMARY KEY AUTOINCREMENT NOT NULL, "start" datetime, "end" datetime, "description" text, "title" varchar(255), "duration_event" integer, "created_at" datetime, "updated_at" datetime) [0m
  [4;35;1mSQL (0.1ms)[0m   [0mINSERT INTO schema_migrations (version) VALUES ('20091210035919')[0m
  [4;36;1mSQL (0.2ms)[0m   [0;1m SELECT name
 FROM sqlite_master
 WHERE type = 'table' AND NOT name = 'sqlite_sequence'
[0m
  [4;35;1mSQL (0.1ms)[0m   [0mSELECT version FROM schema_migrations[0m
  [4;36;1mSQL (0.2ms)[0m   [0;1m SELECT name
 FROM sqlite_master
 WHERE type = 'table' AND NOT name = 'sqlite_sequence'
[0m
  [4;35;1mSQL (0.0ms)[0m   [0mPRAGMA index_list("events")[0m


Processing EventsController#index (for 127.0.0.1 at 2009-12-09 20:03:55) [GET]
  [4;36;1mEvent Load (0.5ms)[0m   [0;1mSELECT * FROM "events" [0m
Rendering template within layouts/events
Rendering events/index
Completed in 17ms (View: 12, DB: 1) | 200 OK [http://localhost/events]


Processing EventsController#new (for 127.0.0.1 at 2009-12-09 20:03:56) [GET]
Rendering template within layouts/events
Rendering events/new
Completed in 13ms (View: 9, DB: 0) | 200 OK [http://localhost/events/new]


Processing EventsController#create (for 127.0.0.1 at 2009-12-09 20:03:58) [POST]
  Parameters: {"commit"=>"Create", "authenticity_token"=>"pL5jaNfV0jz5g0oeU532PhSYEraOgjN52q3DQrQEsqQ="}
  [4;35;1mEvent Create (0.5ms)[0m   [0mINSERT INTO "events" ("updated_at", "title", "duration_event", "end", "start", "description", "created_at") VALUES('2009-12-10 04:03:58', NULL, NULL, NULL, NULL, NULL, '2009-12-10 04:03:58')[0m
Redirected to http://localhost:2000/events/1
Completed in 10ms (DB: 1) | 302 Found [http://localhost/events]


Processing EventsController#show (for 127.0.0.1 at 2009-12-09 20:03:58) [GET]
  Parameters: {"id"=>"1"}
  [4;36;1mEvent Load (0.2ms)[0m   [0;1mSELECT * FROM "events" WHERE ("events"."id" = 1) [0m
Rendering template within layouts/events
Rendering events/show
Completed in 11ms (View: 5, DB: 0) | 200 OK [http://localhost/events/1]


Processing EventsController#index (for 127.0.0.1 at 2009-12-09 20:04:00) [GET]
  [4;35;1mEvent Load (0.5ms)[0m   [0mSELECT * FROM "events" [0m
Rendering template within layouts/events
Rendering events/index
Completed in 9ms (View: 5, DB: 0) | 200 OK [http://localhost/events]


Processing EventsController#show (for 127.0.0.1 at 2009-12-09 20:04:08) [GET]
  Parameters: {"id"=>"1"}
  [4;36;1mEvent Load (0.2ms)[0m   [0;1mSELECT * FROM "events" WHERE ("events"."id" = 1) [0m
Rendering template within layouts/events
Rendering events/show
Completed in 7ms (View: 2, DB: 0) | 200 OK [http://localhost/events/1]


Processing EventsController#index (for 127.0.0.1 at 2009-12-09 20:04:10) [GET]
  [4;35;1mEvent Load (0.5ms)[0m   [0mSELECT * FROM "events" [0m
Rendering template within layouts/events
Rendering events/index
Completed in 9ms (View: 5, DB: 0) | 200 OK [http://localhost/events]


Processing EventsController#index (for 127.0.0.1 at 2009-12-09 20:07:17) [GET]
  [4;36;1mEvent Load (0.5ms)[0m   [0;1mSELECT * FROM "events" [0m
Rendering template within layouts/events
Rendering events/index
Completed in 9ms (View: 5, DB: 0) | 200 OK [http://localhost/events]


Processing EventsController#new (for 127.0.0.1 at 2009-12-09 20:07:19) [GET]
Rendering template within layouts/events
Rendering events/new
Completed in 187ms (View: 182, DB: 0) | 200 OK [http://localhost/events/new]


Processing EventsController#create (for 127.0.0.1 at 2009-12-09 20:07:32) [POST]
  Parameters: {"commit"=>"Create", "authenticity_token"=>"pL5jaNfV0jz5g0oeU532PhSYEraOgjN52q3DQrQEsqQ=", "event"=>{"end(4i)"=>"04", "end(5i)"=>"07", "title"=>"Tiger is a cheetah", "duration_event"=>"0", "start(1i)"=>"2009", "start(2i)"=>"12", "description"=>"hai world", "start(3i)"=>"10", "start(4i)"=>"04", "end(1i)"=>"2009", "start(5i)"=>"07", "end(2i)"=>"12", "end(3i)"=>"10"}}
  [4;35;1mEvent Create (0.4ms)[0m   [0mINSERT INTO "events" ("updated_at", "title", "duration_event", "end", "start", "description", "created_at") VALUES('2009-12-10 04:07:32', 'Tiger is a cheetah', 0, '2009-12-10 04:07:00', '2009-12-10 04:07:00', 'hai world', '2009-12-10 04:07:32')[0m
Redirected to http://localhost:2000/events/2
Completed in 11ms (DB: 0) | 302 Found [http://localhost/events]


Processing EventsController#show (for 127.0.0.1 at 2009-12-09 20:07:32) [GET]
  Parameters: {"id"=>"2"}
  [4;36;1mEvent Load (0.2ms)[0m   [0;1mSELECT * FROM "events" WHERE ("events"."id" = 2) [0m
Rendering template within layouts/events
Rendering events/show
Completed in 7ms (View: 2, DB: 0) | 200 OK [http://localhost/events/2]


Processing EventsController#index (for 127.0.0.1 at 2009-12-09 20:07:33) [GET]
  [4;35;1mEvent Load (0.6ms)[0m   [0mSELECT * FROM "events" [0m
Rendering template within layouts/events
Rendering events/index
Completed in 12ms (View: 7, DB: 1) | 200 OK [http://localhost/events]


Processing EventsController#new (for 127.0.0.1 at 2009-12-09 20:08:12) [GET]
Rendering template within layouts/events
Rendering events/new
Completed in 21ms (View: 17, DB: 0) | 200 OK [http://localhost/events/new]


Processing EventsController#index (for 127.0.0.1 at 2009-12-09 20:09:40) [GET]
  [4;36;1mEvent Load (0.6ms)[0m   [0;1mSELECT * FROM "events" [0m
Rendering template within layouts/events
Rendering events/index
Completed in 18ms (View: 13, DB: 1) | 200 OK [http://localhost/events]


Processing EventsController#edit (for 127.0.0.1 at 2009-12-09 20:09:44) [GET]
  Parameters: {"id"=>"1"}
  [4;35;1mEvent Load (0.2ms)[0m   [0mSELECT * FROM "events" WHERE ("events"."id" = 1) [0m
Rendering template within layouts/events
Rendering events/edit
Completed in 12ms (View: 8, DB: 0) | 200 OK [http://localhost/events/1/edit]


Processing EventsController#index (for 127.0.0.1 at 2009-12-09 20:10:35) [GET]
  [4;36;1mEvent Load (0.6ms)[0m   [0;1mSELECT * FROM "events" [0m
Rendering template within layouts/events
Rendering events/index
Completed in 13ms (View: 8, DB: 1) | 200 OK [http://localhost/events]


Processing EventsController#index (for 127.0.0.1 at 2009-12-09 20:11:50) [GET]
  [4;35;1mEvent Load (0.5ms)[0m   [0mSELECT * FROM "events" [0m
Rendering template within layouts/events
Rendering events/index
Completed in 13ms (View: 9, DB: 1) | 200 OK [http://localhost/events]


Processing EventsController#edit (for 127.0.0.1 at 2009-12-09 20:11:51) [GET]
  Parameters: {"id"=>"1"}
  [4;36;1mEvent Load (0.2ms)[0m   [0;1mSELECT * FROM "events" WHERE ("events"."id" = 1) [0m
Rendering template within layouts/events
Rendering events/edit
Completed in 93ms (View: 22, DB: 0) | 200 OK [http://localhost/events/1/edit]


Processing EventsController#update (for 127.0.0.1 at 2009-12-09 20:11:58) [PUT]
  Parameters: {"commit"=>"Update", "authenticity_token"=>"pL5jaNfV0jz5g0oeU532PhSYEraOgjN52q3DQrQEsqQ=", "event"=>{"end(4i)"=>"04", "end(5i)"=>"11", "title"=>"first", "duration_event"=>"0", "start(1i)"=>"2009", "start(2i)"=>"12", "description"=>"yo", "start(3i)"=>"10", "start(4i)"=>"04", "end(1i)"=>"2009", "start(5i)"=>"11", "end(2i)"=>"12", "end(3i)"=>"10"}, "id"=>"1"}
  [4;35;1mEvent Load (0.2ms)[0m   [0mSELECT * FROM "events" WHERE ("events"."id" = 1) [0m
  [4;36;1mEvent Update (0.3ms)[0m   [0;1mUPDATE "events" SET "start" = '2009-12-10 04:11:00', "end" = '2009-12-10 04:11:00', "title" = 'first', "description" = 'yo', "updated_at" = '2009-12-10 04:11:58', "duration_event" = 0 WHERE "id" = 1[0m
Redirected to http://localhost:2000/events/1
Completed in 11ms (DB: 1) | 302 Found [http://localhost/events/1]


Processing EventsController#show (for 127.0.0.1 at 2009-12-09 20:11:58) [GET]
  Parameters: {"id"=>"1"}
  [4;35;1mEvent Load (0.2ms)[0m   [0mSELECT * FROM "events" WHERE ("events"."id" = 1) [0m
Rendering template within layouts/events
Rendering events/show
Completed in 7ms (View: 2, DB: 0) | 200 OK [http://localhost/events/1]


Processing EventsController#index (for 127.0.0.1 at 2009-12-09 20:11:59) [GET]
  [4;36;1mEvent Load (0.6ms)[0m   [0;1mSELECT * FROM "events" [0m
Rendering template within layouts/events
Rendering events/index
Completed in 14ms (View: 8, DB: 1) | 200 OK [http://localhost/events]


Processing EventsController#show (for 127.0.0.1 at 2009-12-09 20:12:09) [GET]
  Parameters: {"id"=>"2"}
  [4;35;1mEvent Load (0.2ms)[0m   [0mSELECT * FROM "events" WHERE ("events"."id" = 2) [0m
Rendering template within layouts/events
Rendering events/show
Completed in 7ms (View: 2, DB: 0) | 200 OK [http://localhost/events/2]


Processing EventsController#index (for 127.0.0.1 at 2009-12-09 20:13:30) [GET]
  [4;36;1mEvent Load (0.6ms)[0m   [0;1mSELECT * FROM "events" [0m
Rendering template within layouts/events
Rendering events/index
Completed in 14ms (View: 10, DB: 1) | 200 OK [http://localhost/events]


Processing EventsController#index (for 127.0.0.1 at 2009-12-09 20:13:41) [GET]
  [4;35;1mEvent Load (0.6ms)[0m   [0mSELECT * FROM "events" [0m
Rendering template within layouts/events
Rendering events/index
Completed in 13ms (View: 8, DB: 1) | 200 OK [http://localhost/events]


Processing EventsController#show (for 127.0.0.1 at 2009-12-09 20:13:43) [GET]
  Parameters: {"id"=>"2"}
  [4;36;1mEvent Load (0.2ms)[0m   [0;1mSELECT * FROM "events" WHERE ("events"."id" = 2) [0m
Rendering template within layouts/events
Rendering events/show
Completed in 13ms (View: 8, DB: 0) | 200 OK [http://localhost/events/2]


Processing EventsController#index (for 127.0.0.1 at 2009-12-09 20:13:46) [GET]
  [4;35;1mEvent Load (0.6ms)[0m   [0mSELECT * FROM "events" [0m
Rendering template within layouts/events
Rendering events/index
Completed in 83ms (View: 9, DB: 1) | 200 OK [http://localhost/events]


Processing EventsController#index to xml (for 127.0.0.1 at 2009-12-09 20:13:59) [GET]
  [4;36;1mEvent Load (0.6ms)[0m   [0;1mSELECT * FROM "events" [0m
Completed in 9ms (View: 5, DB: 1) | 200 OK [http://localhost/events.xml]


Processing HomeController#index (for 127.0.0.1 at 2009-12-09 20:14:36) [GET]
Rendering template within layouts/home
Rendering home/index
Completed in 4ms (View: 3, DB: 0) | 200 OK [http://localhost/]


Processing ApplicationController#index (for 127.0.0.1 at 2009-12-09 20:14:36) [GET]

ActionController::RoutingError (No route matches "/stylesheets/main.css" with {:method=>:get}):
  

Rendering rescues/layout (not_found)


Processing ApplicationController#index (for 127.0.0.1 at 2009-12-09 20:14:36) [GET]

ActionController::RoutingError (No route matches "/stylesheets/main.css" with {:method=>:get}):
  

Rendering rescues/layout (not_found)


Processing ApplicationController#index (for 127.0.0.1 at 2009-12-09 20:14:37) [GET]
  Parameters: {"0"=>nil}

ActionController::RoutingError (No route matches "/__history__.html" with {:method=>:get}):
  

Rendering rescues/layout (not_found)


Processing ApplicationController#index (for 127.0.0.1 at 2009-12-09 20:14:37) [GET]

ActionController::RoutingError (No route matches "/tiger.json" with {:method=>:get}):
  

Rendering rescues/layout (not_found)


Processing HomeController#index (for 127.0.0.1 at 2009-12-09 20:16:24) [GET]
Rendering template within layouts/home
Rendering home/index
Completed in 4ms (View: 3, DB: 0) | 200 OK [http://localhost/]


Processing ApplicationController#index (for 127.0.0.1 at 2009-12-09 20:16:24) [GET]

ActionController::RoutingError (No route matches "/stylesheets/main.css" with {:method=>:get}):
  

Rendering rescues/layout (not_found)


Processing ApplicationController#index (for 127.0.0.1 at 2009-12-09 20:16:25) [GET]

ActionController::RoutingError (No route matches "/stylesheets/main.css" with {:method=>:get}):
  

Rendering rescues/layout (not_found)


Processing ApplicationController#index (for 127.0.0.1 at 2009-12-09 20:16:25) [GET]
  Parameters: {"0"=>nil}

ActionController::RoutingError (No route matches "/__history__.html" with {:method=>:get}):
  

Rendering rescues/layout (not_found)


Processing EventsController#index to xml (for 127.0.0.1 at 2009-12-09 20:16:25) [GET]
  [4;35;1mEvent Load (0.6ms)[0m   [0mSELECT * FROM "events" [0m
Completed in 11ms (View: 5, DB: 1) | 200 OK [http://localhost/events.xml]


Processing ApplicationController#index (for 127.0.0.1 at 2009-12-09 20:17:14) [GET]

ActionController::RoutingError (No route matches "/tiger.xml" with {:method=>:get}):
  

Rendering rescues/layout (not_found)


Processing ApplicationController#index (for 127.0.0.1 at 2009-12-09 20:17:55) [GET]

ActionController::RoutingError (No route matches "/tiger/index.xml" with {:method=>:get}):
  

Rendering rescues/layout (not_found)


Processing TigerController#index (for 127.0.0.1 at 2009-12-09 20:18:02) [GET]

NameError (uninitialized constant TigerController::Events):
  app/controllers/tiger_controller.rb:4:in `index'

Rendered rescues/_trace (30.3ms)
Rendered rescues/_request_and_response (0.2ms)
Rendering rescues/layout (internal_server_error)


Processing TigerController#index (for 127.0.0.1 at 2009-12-09 20:18:38) [GET]

NameError (uninitialized constant TigerController::Events):
  app/controllers/tiger_controller.rb:4:in `index'

Rendered rescues/_trace (30.5ms)
Rendered rescues/_request_and_response (0.3ms)
Rendering rescues/layout (internal_server_error)


Processing TigerController#index to xml (for 127.0.0.1 at 2009-12-09 20:18:42) [GET]

NameError (uninitialized constant TigerController::Events):
  app/controllers/tiger_controller.rb:4:in `index'

Rendered rescues/_trace (30.8ms)
Rendered rescues/_request_and_response (0.3ms)
Rendering rescues/layout (internal_server_error)


Processing TigerController#index to xml (for 127.0.0.1 at 2009-12-09 20:19:20) [GET]
  [4;36;1mEvent Load (0.6ms)[0m   [0;1mSELECT * FROM "events" [0m
Completed in 12ms (View: 7, DB: 1) | 200 OK [http://localhost/tiger.xml]


Processing HomeController#index (for 127.0.0.1 at 2009-12-09 20:19:51) [GET]
Rendering template within layouts/home
Rendering home/index
Completed in 4ms (View: 3, DB: 0) | 200 OK [http://localhost/]


Processing ApplicationController#index (for 127.0.0.1 at 2009-12-09 20:19:52) [GET]

ActionController::RoutingError (No route matches "/stylesheets/main.css" with {:method=>:get}):
  

Rendering rescues/layout (not_found)


Processing ApplicationController#index (for 127.0.0.1 at 2009-12-09 20:19:52) [GET]

ActionController::RoutingError (No route matches "/stylesheets/main.css" with {:method=>:get}):
  

Rendering rescues/layout (not_found)


Processing ApplicationController#index (for 127.0.0.1 at 2009-12-09 20:19:52) [GET]
  Parameters: {"0"=>nil}

ActionController::RoutingError (No route matches "/__history__.html" with {:method=>:get}):
  

Rendering rescues/layout (not_found)


Processing TigerController#index to xml (for 127.0.0.1 at 2009-12-09 20:19:52) [GET]
  [4;35;1mEvent Load (0.6ms)[0m   [0mSELECT * FROM "events" [0m
Completed in 9ms (View: 5, DB: 1) | 200 OK [http://localhost/tiger.xml]


Processing TigerController#index to xml (for 127.0.0.1 at 2009-12-09 20:20:07) [GET]
  [4;36;1mEvent Load (0.6ms)[0m   [0;1mSELECT * FROM "events" [0m
Completed in 9ms (View: 5, DB: 1) | 200 OK [http://localhost/tiger.xml]


Processing TigerController#index to xml (for 127.0.0.1 at 2009-12-09 20:20:19) [GET]
  [4;35;1mEvent Load (0.5ms)[0m   [0mSELECT * FROM "events" [0m
Completed in 8ms (View: 4, DB: 1) | 200 OK [http://localhost/tiger.xml]


Processing TigerController#index to json (for 127.0.0.1 at 2009-12-09 20:24:16) [GET]
  [4;36;1mEvent Load (0.6ms)[0m   [0;1mSELECT * FROM "events" [0m
Completed in 6ms (View: 1, DB: 1) | 406 Not Acceptable [http://localhost/tiger.json]


Processing TigerController#index to json (for 127.0.0.1 at 2009-12-09 20:24:32) [GET]
  [4;35;1mEvent Load (0.6ms)[0m   [0mSELECT * FROM "events" [0m
Completed in 8ms (View: 4, DB: 1) | 200 OK [http://localhost/tiger.json]


Processing HomeController#index (for 127.0.0.1 at 2009-12-09 20:27:32) [GET]
Rendering template within layouts/home
Rendering home/index
Completed in 5ms (View: 3, DB: 0) | 200 OK [http://localhost/]


Processing ApplicationController#index (for 127.0.0.1 at 2009-12-09 20:27:32) [GET]

ActionController::RoutingError (No route matches "/stylesheets/main.css" with {:method=>:get}):
  

Rendering rescues/layout (not_found)


Processing ApplicationController#index (for 127.0.0.1 at 2009-12-09 20:27:32) [GET]

ActionController::RoutingError (No route matches "/stylesheets/main.css" with {:method=>:get}):
  

Rendering rescues/layout (not_found)


Processing ApplicationController#index (for 127.0.0.1 at 2009-12-09 20:27:33) [GET]
  Parameters: {"0"=>nil}

ActionController::RoutingError (No route matches "/__history__.html" with {:method=>:get}):
  

Rendering rescues/layout (not_found)


Processing TigerController#index to xml (for 127.0.0.1 at 2009-12-09 20:27:34) [GET]
  [4;36;1mEvent Load (0.6ms)[0m   [0;1mSELECT * FROM "events" [0m
Completed in 10ms (View: 4, DB: 1) | 200 OK [http://localhost/tiger.xml]


Processing HomeController#index (for 127.0.0.1 at 2009-12-09 20:28:11) [GET]
Rendering template within layouts/home
Rendering home/index
Completed in 4ms (View: 3, DB: 0) | 200 OK [http://localhost/]


Processing ApplicationController#index (for 127.0.0.1 at 2009-12-09 20:28:11) [GET]

ActionController::RoutingError (No route matches "/stylesheets/main.css" with {:method=>:get}):
  

Rendering rescues/layout (not_found)


Processing ApplicationController#index (for 127.0.0.1 at 2009-12-09 20:28:11) [GET]

ActionController::RoutingError (No route matches "/stylesheets/main.css" with {:method=>:get}):
  

Rendering rescues/layout (not_found)


Processing ApplicationController#index (for 127.0.0.1 at 2009-12-09 20:28:12) [GET]
  Parameters: {"0"=>nil}

ActionController::RoutingError (No route matches "/__history__.html" with {:method=>:get}):
  

Rendering rescues/layout (not_found)


Processing TigerController#index to xml (for 127.0.0.1 at 2009-12-09 20:28:12) [GET]
  [4;35;1mEvent Load (0.7ms)[0m   [0mSELECT * FROM "events" [0m
Completed in 10ms (View: 4, DB: 1) | 200 OK [http://localhost/tiger.xml]


Processing HomeController#index (for 127.0.0.1 at 2009-12-09 20:28:31) [GET]
Rendering template within layouts/home
Rendering home/index
Completed in 4ms (View: 3, DB: 0) | 200 OK [http://localhost/]


Processing ApplicationController#index (for 127.0.0.1 at 2009-12-09 20:28:31) [GET]

ActionController::RoutingError (No route matches "/stylesheets/main.css" with {:method=>:get}):
  

Rendering rescues/layout (not_found)


Processing ApplicationController#index (for 127.0.0.1 at 2009-12-09 20:28:31) [GET]

ActionController::RoutingError (No route matches "/stylesheets/main.css" with {:method=>:get}):
  

Rendering rescues/layout (not_found)


Processing ApplicationController#index (for 127.0.0.1 at 2009-12-09 20:28:32) [GET]
  Parameters: {"0"=>nil}

ActionController::RoutingError (No route matches "/__history__.html" with {:method=>:get}):
  

Rendering rescues/layout (not_found)


Processing TigerController#index to xml (for 127.0.0.1 at 2009-12-09 20:28:32) [GET]
  [4;36;1mEvent Load (0.7ms)[0m   [0;1mSELECT * FROM "events" [0m
Completed in 11ms (View: 5, DB: 1) | 200 OK [http://localhost/tiger.xml]


Processing HomeController#index (for 127.0.0.1 at 2009-12-09 20:28:39) [GET]
Rendering template within layouts/home
Rendering home/index
Completed in 4ms (View: 3, DB: 0) | 200 OK [http://localhost/]


Processing ApplicationController#index (for 127.0.0.1 at 2009-12-09 20:28:39) [GET]

ActionController::RoutingError (No route matches "/stylesheets/main.css" with {:method=>:get}):
  

Rendering rescues/layout (not_found)


Processing ApplicationController#index (for 127.0.0.1 at 2009-12-09 20:28:39) [GET]

ActionController::RoutingError (No route matches "/stylesheets/main.css" with {:method=>:get}):
  

Rendering rescues/layout (not_found)


Processing ApplicationController#index (for 127.0.0.1 at 2009-12-09 20:28:41) [GET]
  Parameters: {"0"=>nil}

ActionController::RoutingError (No route matches "/__history__.html" with {:method=>:get}):
  

Rendering rescues/layout (not_found)


Processing HomeController#index (for 127.0.0.1 at 2009-12-09 20:29:36) [GET]
Rendering template within layouts/home
Rendering home/index
Completed in 4ms (View: 3, DB: 0) | 200 OK [http://localhost/]


Processing ApplicationController#index (for 127.0.0.1 at 2009-12-09 20:29:36) [GET]

ActionController::RoutingError (No route matches "/stylesheets/main.css" with {:method=>:get}):
  

Rendering rescues/layout (not_found)


Processing ApplicationController#index (for 127.0.0.1 at 2009-12-09 20:29:36) [GET]

ActionController::RoutingError (No route matches "/stylesheets/main.css" with {:method=>:get}):
  

Rendering rescues/layout (not_found)


Processing ApplicationController#index (for 127.0.0.1 at 2009-12-09 20:29:37) [GET]
  Parameters: {"0"=>nil}

ActionController::RoutingError (No route matches "/__history__.html" with {:method=>:get}):
  

Rendering rescues/layout (not_found)


Processing HomeController#index (for 127.0.0.1 at 2009-12-09 20:32:29) [GET]
Rendering template within layouts/home
Rendering home/index
Completed in 4ms (View: 3, DB: 0) | 200 OK [http://localhost/]


Processing ApplicationController#index (for 127.0.0.1 at 2009-12-09 20:32:29) [GET]

ActionController::RoutingError (No route matches "/stylesheets/main.css" with {:method=>:get}):
  

Rendering rescues/layout (not_found)


Processing ApplicationController#index (for 127.0.0.1 at 2009-12-09 20:32:29) [GET]

ActionController::RoutingError (No route matches "/stylesheets/main.css" with {:method=>:get}):
  

Rendering rescues/layout (not_found)


Processing ApplicationController#index (for 127.0.0.1 at 2009-12-09 20:32:30) [GET]
  Parameters: {"0"=>nil}

ActionController::RoutingError (No route matches "/__history__.html" with {:method=>:get}):
  

Rendering rescues/layout (not_found)


Processing HomeController#index (for 127.0.0.1 at 2009-12-09 20:36:08) [GET]
Rendering template within layouts/home
Rendering home/index
Completed in 4ms (View: 3, DB: 0) | 200 OK [http://localhost/]


Processing ApplicationController#index (for 127.0.0.1 at 2009-12-09 20:36:08) [GET]

ActionController::RoutingError (No route matches "/stylesheets/main.css" with {:method=>:get}):
  

Rendering rescues/layout (not_found)


Processing ApplicationController#index (for 127.0.0.1 at 2009-12-09 20:36:09) [GET]
  Parameters: {"0"=>nil}

ActionController::RoutingError (No route matches "/__history__.html" with {:method=>:get}):
  

Rendering rescues/layout (not_found)


Processing HomeController#index (for 127.0.0.1 at 2009-12-09 20:38:14) [GET]
Rendering template within layouts/home
Rendering home/index
Completed in 4ms (View: 3, DB: 0) | 200 OK [http://localhost/]


Processing ApplicationController#index (for 127.0.0.1 at 2009-12-09 20:38:15) [GET]

ActionController::RoutingError (No route matches "/stylesheets/main.css" with {:method=>:get}):
  

Rendering rescues/layout (not_found)


Processing ApplicationController#index (for 127.0.0.1 at 2009-12-09 20:38:15) [GET]
  Parameters: {"0"=>nil}

ActionController::RoutingError (No route matches "/__history__.html" with {:method=>:get}):
  

Rendering rescues/layout (not_found)


Processing HomeController#index (for 127.0.0.1 at 2009-12-09 20:39:01) [GET]
Rendering template within layouts/home
Rendering home/index
Completed in 4ms (View: 3, DB: 0) | 200 OK [http://localhost/]


Processing ApplicationController#index (for 127.0.0.1 at 2009-12-09 20:39:02) [GET]

ActionController::RoutingError (No route matches "/stylesheets/main.css" with {:method=>:get}):
  

Rendering rescues/layout (not_found)


Processing ApplicationController#index (for 127.0.0.1 at 2009-12-09 20:39:03) [GET]
  Parameters: {"0"=>nil}

ActionController::RoutingError (No route matches "/__history__.html" with {:method=>:get}):
  

Rendering rescues/layout (not_found)


Processing HomeController#index (for 127.0.0.1 at 2009-12-09 20:39:49) [GET]
Rendering template within layouts/home
Rendering home/index
Completed in 4ms (View: 3, DB: 0) | 200 OK [http://localhost/]


Processing ApplicationController#index (for 127.0.0.1 at 2009-12-09 20:39:49) [GET]

ActionController::RoutingError (No route matches "/stylesheets/main.css" with {:method=>:get}):
  

Rendering rescues/layout (not_found)


Processing ApplicationController#index (for 127.0.0.1 at 2009-12-09 20:39:51) [GET]
  Parameters: {"0"=>nil}

ActionController::RoutingError (No route matches "/__history__.html" with {:method=>:get}):
  

Rendering rescues/layout (not_found)


Processing HomeController#index (for 127.0.0.1 at 2009-12-09 20:41:48) [GET]
Rendering template within layouts/home
Rendering home/index
Completed in 4ms (View: 3, DB: 0) | 200 OK [http://localhost/]


Processing ApplicationController#index (for 127.0.0.1 at 2009-12-09 20:41:48) [GET]

ActionController::RoutingError (No route matches "/stylesheets/main.css" with {:method=>:get}):
  

Rendering rescues/layout (not_found)


Processing ApplicationController#index (for 127.0.0.1 at 2009-12-09 20:41:50) [GET]
  Parameters: {"0"=>nil}

ActionController::RoutingError (No route matches "/__history__.html" with {:method=>:get}):
  

Rendering rescues/layout (not_found)


Processing HomeController#index (for 127.0.0.1 at 2009-12-09 20:42:21) [GET]
Rendering template within layouts/home
Rendering home/index
Completed in 4ms (View: 3, DB: 0) | 200 OK [http://localhost/]


Processing ApplicationController#index (for 127.0.0.1 at 2009-12-09 20:42:21) [GET]

ActionController::RoutingError (No route matches "/stylesheets/main.css" with {:method=>:get}):
  

Rendering rescues/layout (not_found)


Processing ApplicationController#index (for 127.0.0.1 at 2009-12-09 20:42:22) [GET]
  Parameters: {"0"=>nil}

ActionController::RoutingError (No route matches "/__history__.html" with {:method=>:get}):
  

Rendering rescues/layout (not_found)


Processing HomeController#index (for 127.0.0.1 at 2009-12-09 20:43:22) [GET]
Rendering template within layouts/home
Rendering home/index
Completed in 5ms (View: 3, DB: 0) | 200 OK [http://localhost/]


Processing ApplicationController#index (for 127.0.0.1 at 2009-12-09 20:43:23) [GET]

ActionController::RoutingError (No route matches "/stylesheets/main.css" with {:method=>:get}):
  

Rendering rescues/layout (not_found)


Processing ApplicationController#index (for 127.0.0.1 at 2009-12-09 20:43:24) [GET]
  Parameters: {"0"=>nil}

ActionController::RoutingError (No route matches "/__history__.html" with {:method=>:get}):
  

Rendering rescues/layout (not_found)


Processing HomeController#index (for 127.0.0.1 at 2009-12-09 20:44:56) [GET]
Rendering template within layouts/home
Rendering home/index
Completed in 4ms (View: 3, DB: 0) | 200 OK [http://localhost/]


Processing ApplicationController#index (for 127.0.0.1 at 2009-12-09 20:44:56) [GET]

ActionController::RoutingError (No route matches "/stylesheets/main.css" with {:method=>:get}):
  

Rendering rescues/layout (not_found)


Processing ApplicationController#index (for 127.0.0.1 at 2009-12-09 20:44:57) [GET]
  Parameters: {"0"=>nil}

ActionController::RoutingError (No route matches "/__history__.html" with {:method=>:get}):
  

Rendering rescues/layout (not_found)


Processing HomeController#index (for 127.0.0.1 at 2009-12-09 20:45:29) [GET]
Rendering template within layouts/home
Rendering home/index
Completed in 4ms (View: 3, DB: 0) | 200 OK [http://localhost/]


Processing ApplicationController#index (for 127.0.0.1 at 2009-12-09 20:45:30) [GET]

ActionController::RoutingError (No route matches "/stylesheets/main.css" with {:method=>:get}):
  

Rendering rescues/layout (not_found)


Processing ApplicationController#index (for 127.0.0.1 at 2009-12-09 20:45:30) [GET]
  Parameters: {"0"=>nil}

ActionController::RoutingError (No route matches "/__history__.html" with {:method=>:get}):
  

Rendering rescues/layout (not_found)


Processing HomeController#index (for 127.0.0.1 at 2009-12-09 20:45:47) [GET]
Rendering template within layouts/home
Rendering home/index
Completed in 4ms (View: 3, DB: 0) | 200 OK [http://localhost/]


Processing ApplicationController#index (for 127.0.0.1 at 2009-12-09 20:45:47) [GET]

ActionController::RoutingError (No route matches "/stylesheets/main.css" with {:method=>:get}):
  

Rendering rescues/layout (not_found)


Processing ApplicationController#index (for 127.0.0.1 at 2009-12-09 20:45:48) [GET]
  Parameters: {"0"=>nil}

ActionController::RoutingError (No route matches "/__history__.html" with {:method=>:get}):
  

Rendering rescues/layout (not_found)


Processing HomeController#index (for 127.0.0.1 at 2009-12-09 20:48:25) [GET]
Rendering template within layouts/home
Rendering home/index
Completed in 4ms (View: 3, DB: 0) | 200 OK [http://localhost/]


Processing ApplicationController#index (for 127.0.0.1 at 2009-12-09 20:48:25) [GET]

ActionController::RoutingError (No route matches "/stylesheets/main.css" with {:method=>:get}):
  

Rendering rescues/layout (not_found)


Processing ApplicationController#index (for 127.0.0.1 at 2009-12-09 20:48:26) [GET]
  Parameters: {"0"=>nil}

ActionController::RoutingError (No route matches "/__history__.html" with {:method=>:get}):
  

Rendering rescues/layout (not_found)


Processing HomeController#index (for 127.0.0.1 at 2009-12-09 20:48:33) [GET]
Rendering template within layouts/home
Rendering home/index
Completed in 9ms (View: 7, DB: 0) | 200 OK [http://localhost/]


Processing ApplicationController#index (for 127.0.0.1 at 2009-12-09 20:48:33) [GET]

ActionController::RoutingError (No route matches "/stylesheets/main.css" with {:method=>:get}):
  

Rendering rescues/layout (not_found)


Processing ApplicationController#index (for 127.0.0.1 at 2009-12-09 20:48:33) [GET]
  Parameters: {"0"=>nil}

ActionController::RoutingError (No route matches "/__history__.html" with {:method=>:get}):
  

Rendering rescues/layout (not_found)


Processing HomeController#index (for 127.0.0.1 at 2009-12-09 20:52:51) [GET]
Rendering template within layouts/home
Rendering home/index
Completed in 4ms (View: 3, DB: 0) | 200 OK [http://localhost/]


Processing ApplicationController#index (for 127.0.0.1 at 2009-12-09 20:52:51) [GET]

ActionController::RoutingError (No route matches "/stylesheets/main.css" with {:method=>:get}):
  

Rendering rescues/layout (not_found)


Processing ApplicationController#index (for 127.0.0.1 at 2009-12-09 20:52:52) [GET]
  Parameters: {"0"=>nil}

ActionController::RoutingError (No route matches "/__history__.html" with {:method=>:get}):
  

Rendering rescues/layout (not_found)


Processing HomeController#index (for 127.0.0.1 at 2009-12-09 20:55:12) [GET]
Rendering template within layouts/home
Rendering home/index
Completed in 4ms (View: 3, DB: 0) | 200 OK [http://localhost/]


Processing ApplicationController#index (for 127.0.0.1 at 2009-12-09 20:55:12) [GET]

ActionController::RoutingError (No route matches "/stylesheets/main.css" with {:method=>:get}):
  

Rendering rescues/layout (not_found)


Processing ApplicationController#index (for 127.0.0.1 at 2009-12-09 20:55:13) [GET]
  Parameters: {"0"=>nil}

ActionController::RoutingError (No route matches "/__history__.html" with {:method=>:get}):
  

Rendering rescues/layout (not_found)


Processing HomeController#index (for 127.0.0.1 at 2009-12-09 20:56:18) [GET]
Rendering template within layouts/home
Rendering home/index
Completed in 4ms (View: 3, DB: 0) | 200 OK [http://localhost/]


Processing ApplicationController#index (for 127.0.0.1 at 2009-12-09 20:56:18) [GET]

ActionController::RoutingError (No route matches "/stylesheets/main.css" with {:method=>:get}):
  

Rendering rescues/layout (not_found)


Processing ApplicationController#index (for 127.0.0.1 at 2009-12-09 20:56:19) [GET]

ActionController::RoutingError (No route matches "/stylesheets/main.css" with {:method=>:get}):
  

Rendering rescues/layout (not_found)


Processing ApplicationController#index (for 127.0.0.1 at 2009-12-09 20:56:20) [GET]
  Parameters: {"0"=>nil}

ActionController::RoutingError (No route matches "/__history__.html" with {:method=>:get}):
  

Rendering rescues/layout (not_found)


Processing HomeController#index (for 127.0.0.1 at 2009-12-09 20:59:55) [GET]
Rendering template within layouts/home
Rendering home/index
Completed in 5ms (View: 3, DB: 0) | 200 OK [http://localhost/]


Processing ApplicationController#index (for 127.0.0.1 at 2009-12-09 20:59:55) [GET]

ActionController::RoutingError (No route matches "/stylesheets/main.css" with {:method=>:get}):
  

Rendering rescues/layout (not_found)


Processing ApplicationController#index (for 127.0.0.1 at 2009-12-09 20:59:55) [GET]

ActionController::RoutingError (No route matches "/stylesheets/main.css" with {:method=>:get}):
  

Rendering rescues/layout (not_found)


Processing ApplicationController#index (for 127.0.0.1 at 2009-12-09 20:59:57) [GET]
  Parameters: {"0"=>nil}

ActionController::RoutingError (No route matches "/__history__.html" with {:method=>:get}):
  

Rendering rescues/layout (not_found)


Processing HomeController#index (for 127.0.0.1 at 2009-12-09 21:00:47) [GET]
Rendering template within layouts/home
Rendering home/index
Completed in 5ms (View: 3, DB: 0) | 200 OK [http://localhost/]


Processing ApplicationController#index (for 127.0.0.1 at 2009-12-09 21:00:47) [GET]

ActionController::RoutingError (No route matches "/stylesheets/main.css" with {:method=>:get}):
  

Rendering rescues/layout (not_found)


Processing ApplicationController#index (for 127.0.0.1 at 2009-12-09 21:00:47) [GET]

ActionController::RoutingError (No route matches "/stylesheets/main.css" with {:method=>:get}):
  

Rendering rescues/layout (not_found)


Processing ApplicationController#index (for 127.0.0.1 at 2009-12-09 21:00:48) [GET]
  Parameters: {"0"=>nil}

ActionController::RoutingError (No route matches "/__history__.html" with {:method=>:get}):
  

Rendering rescues/layout (not_found)


Processing HomeController#index (for 127.0.0.1 at 2009-12-09 21:01:06) [GET]
Rendering template within layouts/home
Rendering home/index
Completed in 4ms (View: 3, DB: 0) | 200 OK [http://localhost/]


Processing ApplicationController#index (for 127.0.0.1 at 2009-12-09 21:01:07) [GET]

ActionController::RoutingError (No route matches "/stylesheets/main.css" with {:method=>:get}):
  

Rendering rescues/layout (not_found)


Processing ApplicationController#index (for 127.0.0.1 at 2009-12-09 21:01:07) [GET]

ActionController::RoutingError (No route matches "/stylesheets/main.css" with {:method=>:get}):
  

Rendering rescues/layout (not_found)


Processing ApplicationController#index (for 127.0.0.1 at 2009-12-09 21:01:08) [GET]
  Parameters: {"0"=>nil}

ActionController::RoutingError (No route matches "/__history__.html" with {:method=>:get}):
  

Rendering rescues/layout (not_found)


Processing HomeController#index (for 127.0.0.1 at 2009-12-09 21:02:06) [GET]
Rendering template within layouts/home
Rendering home/index
Completed in 6ms (View: 4, DB: 0) | 200 OK [http://localhost/]


Processing ApplicationController#index (for 127.0.0.1 at 2009-12-09 21:02:06) [GET]

ActionController::RoutingError (No route matches "/stylesheets/main.css" with {:method=>:get}):
  

Rendering rescues/layout (not_found)


Processing ApplicationController#index (for 127.0.0.1 at 2009-12-09 21:02:07) [GET]

ActionController::RoutingError (No route matches "/stylesheets/main.css" with {:method=>:get}):
  

Rendering rescues/layout (not_found)


Processing ApplicationController#index (for 127.0.0.1 at 2009-12-09 21:02:08) [GET]
  Parameters: {"0"=>nil}

ActionController::RoutingError (No route matches "/__history__.html" with {:method=>:get}):
  

Rendering rescues/layout (not_found)


Processing HomeController#index (for 127.0.0.1 at 2009-12-09 21:03:00) [GET]
Rendering template within layouts/home
Rendering home/index
Completed in 13ms (View: 11, DB: 0) | 200 OK [http://localhost/]


Processing ApplicationController#index (for 127.0.0.1 at 2009-12-09 21:03:00) [GET]

ActionController::RoutingError (No route matches "/stylesheets/main.css" with {:method=>:get}):
  

Rendering rescues/layout (not_found)


Processing ApplicationController#index (for 127.0.0.1 at 2009-12-09 21:03:00) [GET]

ActionController::RoutingError (No route matches "/stylesheets/main.css" with {:method=>:get}):
  

Rendering rescues/layout (not_found)


Processing ApplicationController#index (for 127.0.0.1 at 2009-12-09 21:03:02) [GET]
  Parameters: {"0"=>nil}

ActionController::RoutingError (No route matches "/__history__.html" with {:method=>:get}):
  

Rendering rescues/layout (not_found)


Processing HomeController#index (for 127.0.0.1 at 2009-12-09 21:03:23) [GET]
Rendering template within layouts/home
Rendering home/index
Completed in 8ms (View: 4, DB: 0) | 200 OK [http://localhost/]


Processing ApplicationController#index (for 127.0.0.1 at 2009-12-09 21:03:23) [GET]

ActionController::RoutingError (No route matches "/stylesheets/main.css" with {:method=>:get}):
  

Rendering rescues/layout (not_found)


Processing ApplicationController#index (for 127.0.0.1 at 2009-12-09 21:03:23) [GET]

ActionController::RoutingError (No route matches "/stylesheets/main.css" with {:method=>:get}):
  

Rendering rescues/layout (not_found)


Processing ApplicationController#index (for 127.0.0.1 at 2009-12-09 21:03:25) [GET]
  Parameters: {"0"=>nil}

ActionController::RoutingError (No route matches "/__history__.html" with {:method=>:get}):
  

Rendering rescues/layout (not_found)


Processing HomeController#index (for 127.0.0.1 at 2009-12-09 21:04:16) [GET]
Rendering template within layouts/home
Rendering home/index
Completed in 11ms (View: 9, DB: 0) | 200 OK [http://localhost/]


Processing ApplicationController#index (for 127.0.0.1 at 2009-12-09 21:04:16) [GET]

ActionController::RoutingError (No route matches "/stylesheets/main.css" with {:method=>:get}):
  

Rendering rescues/layout (not_found)


Processing ApplicationController#index (for 127.0.0.1 at 2009-12-09 21:04:16) [GET]

ActionController::RoutingError (No route matches "/stylesheets/main.css" with {:method=>:get}):
  

Rendering rescues/layout (not_found)


Processing HomeController#index (for 127.0.0.1 at 2009-12-09 21:05:42) [GET]
Rendering template within layouts/home
Rendering home/index
Completed in 15ms (View: 14, DB: 0) | 200 OK [http://localhost/]


Processing ApplicationController#index (for 127.0.0.1 at 2009-12-09 21:05:42) [GET]

ActionController::RoutingError (No route matches "/stylesheets/main.css" with {:method=>:get}):
  

Rendering rescues/layout (not_found)


Processing ApplicationController#index (for 127.0.0.1 at 2009-12-09 21:05:43) [GET]

ActionController::RoutingError (No route matches "/stylesheets/main.css" with {:method=>:get}):
  

Rendering rescues/layout (not_found)


Processing HomeController#index (for 127.0.0.1 at 2009-12-09 21:05:57) [GET]
Rendering template within layouts/home
Rendering home/index
Completed in 10ms (View: 8, DB: 0) | 200 OK [http://localhost/]


Processing ApplicationController#index (for 127.0.0.1 at 2009-12-09 21:05:57) [GET]

ActionController::RoutingError (No route matches "/stylesheets/main.css" with {:method=>:get}):
  

Rendering rescues/layout (not_found)


Processing ApplicationController#index (for 127.0.0.1 at 2009-12-09 21:05:58) [GET]

ActionController::RoutingError (No route matches "/stylesheets/main.css" with {:method=>:get}):
  

Rendering rescues/layout (not_found)


Processing HomeController#index (for 127.0.0.1 at 2009-12-09 21:16:21) [GET]
Rendering template within layouts/home
Rendering home/index
Completed in 7ms (View: 5, DB: 0) | 200 OK [http://localhost/]


Processing ApplicationController#index (for 127.0.0.1 at 2009-12-09 21:16:21) [GET]

ActionController::RoutingError (No route matches "/stylesheets/main.css" with {:method=>:get}):
  

Rendering rescues/layout (not_found)


Processing ApplicationController#index (for 127.0.0.1 at 2009-12-09 21:16:21) [GET]

ActionController::RoutingError (No route matches "/stylesheets/main.css" with {:method=>:get}):
  

Rendering rescues/layout (not_found)


Processing HomeController#index (for 127.0.0.1 at 2009-12-09 21:16:49) [GET]
Rendering template within layouts/home
Rendering home/index
Completed in 5ms (View: 3, DB: 0) | 200 OK [http://localhost/]


Processing ApplicationController#index (for 127.0.0.1 at 2009-12-09 21:16:49) [GET]

ActionController::RoutingError (No route matches "/stylesheets/main.css" with {:method=>:get}):
  

Rendering rescues/layout (not_found)


Processing ApplicationController#index (for 127.0.0.1 at 2009-12-09 21:16:49) [GET]

ActionController::RoutingError (No route matches "/stylesheets/main.css" with {:method=>:get}):
  

Rendering rescues/layout (not_found)


Processing HomeController#index (for 127.0.0.1 at 2009-12-09 21:17:04) [GET]
Rendering template within layouts/home
Rendering home/index
Completed in 5ms (View: 3, DB: 0) | 200 OK [http://localhost/]


Processing ApplicationController#index (for 127.0.0.1 at 2009-12-09 21:17:04) [GET]

ActionController::RoutingError (No route matches "/stylesheets/main.css" with {:method=>:get}):
  

Rendering rescues/layout (not_found)


Processing ApplicationController#index (for 127.0.0.1 at 2009-12-09 21:17:05) [GET]

ActionController::RoutingError (No route matches "/stylesheets/main.css" with {:method=>:get}):
  

Rendering rescues/layout (not_found)


Processing HomeController#index (for 127.0.0.1 at 2009-12-09 21:18:07) [GET]
Rendering template within layouts/home
Rendering home/index
Completed in 6ms (View: 4, DB: 0) | 200 OK [http://localhost/]


Processing ApplicationController#index (for 127.0.0.1 at 2009-12-09 21:18:07) [GET]

ActionController::RoutingError (No route matches "/stylesheets/main.css" with {:method=>:get}):
  

Rendering rescues/layout (not_found)


Processing ApplicationController#index (for 127.0.0.1 at 2009-12-09 21:18:07) [GET]

ActionController::RoutingError (No route matches "/stylesheets/main.css" with {:method=>:get}):
  

Rendering rescues/layout (not_found)


Processing HomeController#index (for 127.0.0.1 at 2009-12-09 21:18:26) [GET]
Rendering template within layouts/home
Rendering home/index
Completed in 7ms (View: 5, DB: 0) | 200 OK [http://localhost/]


Processing ApplicationController#index (for 127.0.0.1 at 2009-12-09 21:18:27) [GET]

ActionController::RoutingError (No route matches "/stylesheets/main.css" with {:method=>:get}):
  

Rendering rescues/layout (not_found)


Processing ApplicationController#index (for 127.0.0.1 at 2009-12-09 21:18:27) [GET]

ActionController::RoutingError (No route matches "/stylesheets/main.css" with {:method=>:get}):
  

Rendering rescues/layout (not_found)


Processing HomeController#index (for 127.0.0.1 at 2009-12-09 21:19:10) [GET]
Rendering template within layouts/home
Rendering home/index
Completed in 6ms (View: 4, DB: 0) | 200 OK [http://localhost/]


Processing ApplicationController#index (for 127.0.0.1 at 2009-12-09 21:19:10) [GET]

ActionController::RoutingError (No route matches "/stylesheets/main.css" with {:method=>:get}):
  

Rendering rescues/layout (not_found)


Processing ApplicationController#index (for 127.0.0.1 at 2009-12-09 21:19:10) [GET]

ActionController::RoutingError (No route matches "/stylesheets/main.css" with {:method=>:get}):
  

Rendering rescues/layout (not_found)


Processing HomeController#index (for 127.0.0.1 at 2009-12-09 21:19:33) [GET]
Rendering template within layouts/home
Rendering home/index
Completed in 6ms (View: 4, DB: 0) | 200 OK [http://localhost/]


Processing ApplicationController#index (for 127.0.0.1 at 2009-12-09 21:19:33) [GET]

ActionController::RoutingError (No route matches "/stylesheets/main.css" with {:method=>:get}):
  

Rendering rescues/layout (not_found)


Processing ApplicationController#index (for 127.0.0.1 at 2009-12-09 21:19:34) [GET]

ActionController::RoutingError (No route matches "/stylesheets/main.css" with {:method=>:get}):
  

Rendering rescues/layout (not_found)


Processing HomeController#index (for 127.0.0.1 at 2009-12-09 21:19:52) [GET]
Rendering template within layouts/home
Rendering home/index
Completed in 8ms (View: 5, DB: 0) | 200 OK [http://localhost/]


Processing ApplicationController#index (for 127.0.0.1 at 2009-12-09 21:19:52) [GET]

ActionController::RoutingError (No route matches "/stylesheets/main.css" with {:method=>:get}):
  

Rendering rescues/layout (not_found)


Processing ApplicationController#index (for 127.0.0.1 at 2009-12-09 21:19:53) [GET]

ActionController::RoutingError (No route matches "/stylesheets/main.css" with {:method=>:get}):
  

Rendering rescues/layout (not_found)


Processing HomeController#index (for 127.0.0.1 at 2009-12-09 21:21:04) [GET]
Rendering template within layouts/home
Rendering home/index
Completed in 5ms (View: 3, DB: 0) | 200 OK [http://localhost/]


Processing ApplicationController#index (for 127.0.0.1 at 2009-12-09 21:21:04) [GET]

ActionController::RoutingError (No route matches "/stylesheets/main.css" with {:method=>:get}):
  

Rendering rescues/layout (not_found)


Processing ApplicationController#index (for 127.0.0.1 at 2009-12-09 21:21:05) [GET]

ActionController::RoutingError (No route matches "/stylesheets/main.css" with {:method=>:get}):
  

Rendering rescues/layout (not_found)


Processing HomeController#index (for 127.0.0.1 at 2009-12-09 21:21:24) [GET]
Rendering template within layouts/home
Rendering home/index
Completed in 6ms (View: 4, DB: 0) | 200 OK [http://localhost/]


Processing ApplicationController#index (for 127.0.0.1 at 2009-12-09 21:21:24) [GET]

ActionController::RoutingError (No route matches "/stylesheets/main.css" with {:method=>:get}):
  

Rendering rescues/layout (not_found)


Processing ApplicationController#index (for 127.0.0.1 at 2009-12-09 21:21:24) [GET]

ActionController::RoutingError (No route matches "/stylesheets/main.css" with {:method=>:get}):
  

Rendering rescues/layout (not_found)


Processing HomeController#index (for 127.0.0.1 at 2009-12-09 21:23:00) [GET]
Rendering template within layouts/home
Rendering home/index
Completed in 7ms (View: 3, DB: 0) | 200 OK [http://localhost/]


Processing ApplicationController#index (for 127.0.0.1 at 2009-12-09 21:23:00) [GET]

ActionController::RoutingError (No route matches "/stylesheets/main.css" with {:method=>:get}):
  

Rendering rescues/layout (not_found)


Processing ApplicationController#index (for 127.0.0.1 at 2009-12-09 21:23:01) [GET]

ActionController::RoutingError (No route matches "/stylesheets/main.css" with {:method=>:get}):
  

Rendering rescues/layout (not_found)


Processing HomeController#index (for 127.0.0.1 at 2009-12-09 21:23:33) [GET]
Rendering template within layouts/home
Rendering home/index
Completed in 6ms (View: 4, DB: 0) | 200 OK [http://localhost/]


Processing ApplicationController#index (for 127.0.0.1 at 2009-12-09 21:23:33) [GET]

ActionController::RoutingError (No route matches "/stylesheets/main.css" with {:method=>:get}):
  

Rendering rescues/layout (not_found)


Processing ApplicationController#index (for 127.0.0.1 at 2009-12-09 21:23:33) [GET]

ActionController::RoutingError (No route matches "/stylesheets/main.css" with {:method=>:get}):
  

Rendering rescues/layout (not_found)


Processing HomeController#index (for 127.0.0.1 at 2009-12-09 21:23:43) [GET]
Rendering template within layouts/home
Rendering home/index
Completed in 6ms (View: 4, DB: 0) | 200 OK [http://localhost/]


Processing ApplicationController#index (for 127.0.0.1 at 2009-12-09 21:23:43) [GET]

ActionController::RoutingError (No route matches "/stylesheets/main.css" with {:method=>:get}):
  

Rendering rescues/layout (not_found)


Processing ApplicationController#index (for 127.0.0.1 at 2009-12-09 21:23:44) [GET]

ActionController::RoutingError (No route matches "/stylesheets/main.css" with {:method=>:get}):
  

Rendering rescues/layout (not_found)


Processing HomeController#index (for 127.0.0.1 at 2009-12-09 21:23:52) [GET]
Rendering template within layouts/home
Rendering home/index
Completed in 5ms (View: 3, DB: 0) | 200 OK [http://localhost/]


Processing ApplicationController#index (for 127.0.0.1 at 2009-12-09 21:23:52) [GET]

ActionController::RoutingError (No route matches "/stylesheets/main.css" with {:method=>:get}):
  

Rendering rescues/layout (not_found)


Processing ApplicationController#index (for 127.0.0.1 at 2009-12-09 21:23:52) [GET]

ActionController::RoutingError (No route matches "/stylesheets/main.css" with {:method=>:get}):
  

Rendering rescues/layout (not_found)


Processing HomeController#index (for 127.0.0.1 at 2009-12-09 21:24:40) [GET]
Rendering template within layouts/home
Rendering home/index
Completed in 6ms (View: 4, DB: 0) | 200 OK [http://localhost/]


Processing ApplicationController#index (for 127.0.0.1 at 2009-12-09 21:24:41) [GET]

ActionController::RoutingError (No route matches "/stylesheets/main.css" with {:method=>:get}):
  

Rendering rescues/layout (not_found)


Processing ApplicationController#index (for 127.0.0.1 at 2009-12-09 21:24:41) [GET]

ActionController::RoutingError (No route matches "/stylesheets/main.css" with {:method=>:get}):
  

Rendering rescues/layout (not_found)


Processing HomeController#index (for 127.0.0.1 at 2009-12-09 21:26:15) [GET]
Rendering template within layouts/home
Rendering home/index
Completed in 5ms (View: 3, DB: 0) | 200 OK [http://localhost/]


Processing ApplicationController#index (for 127.0.0.1 at 2009-12-09 21:26:15) [GET]

ActionController::RoutingError (No route matches "/stylesheets/main.css" with {:method=>:get}):
  

Rendering rescues/layout (not_found)


Processing ApplicationController#index (for 127.0.0.1 at 2009-12-09 21:26:16) [GET]

ActionController::RoutingError (No route matches "/stylesheets/main.css" with {:method=>:get}):
  

Rendering rescues/layout (not_found)


Processing HomeController#index (for 127.0.0.1 at 2009-12-09 21:26:31) [GET]
Rendering template within layouts/home
Rendering home/index
Completed in 73ms (View: 72, DB: 0) | 200 OK [http://localhost/]


Processing ApplicationController#index (for 127.0.0.1 at 2009-12-09 21:26:31) [GET]

ActionController::RoutingError (No route matches "/stylesheets/main.css" with {:method=>:get}):
  

Rendering rescues/layout (not_found)


Processing ApplicationController#index (for 127.0.0.1 at 2009-12-09 21:26:31) [GET]

ActionController::RoutingError (No route matches "/stylesheets/main.css" with {:method=>:get}):
  

Rendering rescues/layout (not_found)


Processing HomeController#index (for 127.0.0.1 at 2009-12-09 21:28:48) [GET]
Rendering template within layouts/home
Rendering home/index
Completed in 5ms (View: 4, DB: 0) | 200 OK [http://localhost/]


Processing ApplicationController#index (for 127.0.0.1 at 2009-12-09 21:28:48) [GET]

ActionController::RoutingError (No route matches "/stylesheets/main.css" with {:method=>:get}):
  

Rendering rescues/layout (not_found)


Processing ApplicationController#index (for 127.0.0.1 at 2009-12-09 21:28:48) [GET]

ActionController::RoutingError (No route matches "/stylesheets/main.css" with {:method=>:get}):
  

Rendering rescues/layout (not_found)


Processing HomeController#index (for 127.0.0.1 at 2009-12-09 21:29:41) [GET]
Rendering template within layouts/home
Rendering home/index
Completed in 12ms (View: 10, DB: 0) | 200 OK [http://localhost/]


Processing ApplicationController#index (for 127.0.0.1 at 2009-12-09 21:29:41) [GET]

ActionController::RoutingError (No route matches "/stylesheets/main.css" with {:method=>:get}):
  

Rendering rescues/layout (not_found)


Processing ApplicationController#index (for 127.0.0.1 at 2009-12-09 21:29:41) [GET]

ActionController::RoutingError (No route matches "/stylesheets/main.css" with {:method=>:get}):
  

Rendering rescues/layout (not_found)


Processing HomeController#index (for 127.0.0.1 at 2009-12-09 21:30:59) [GET]
Rendering template within layouts/home
Rendering home/index
Completed in 5ms (View: 3, DB: 0) | 200 OK [http://localhost/]


Processing ApplicationController#index (for 127.0.0.1 at 2009-12-09 21:30:59) [GET]

ActionController::RoutingError (No route matches "/stylesheets/main.css" with {:method=>:get}):
  

Rendering rescues/layout (not_found)


Processing ApplicationController#index (for 127.0.0.1 at 2009-12-09 21:31:00) [GET]

ActionController::RoutingError (No route matches "/stylesheets/main.css" with {:method=>:get}):
  

Rendering rescues/layout (not_found)


Processing HomeController#index (for 127.0.0.1 at 2009-12-09 21:32:16) [GET]
Rendering template within layouts/home
Rendering home/index
Completed in 6ms (View: 4, DB: 0) | 200 OK [http://localhost/]


Processing ApplicationController#index (for 127.0.0.1 at 2009-12-09 21:32:16) [GET]

ActionController::RoutingError (No route matches "/stylesheets/main.css" with {:method=>:get}):
  

Rendering rescues/layout (not_found)


Processing ApplicationController#index (for 127.0.0.1 at 2009-12-09 21:32:16) [GET]

ActionController::RoutingError (No route matches "/stylesheets/main.css" with {:method=>:get}):
  

Rendering rescues/layout (not_found)


Processing HomeController#index (for 127.0.0.1 at 2009-12-09 21:32:37) [GET]
Rendering template within layouts/home
Rendering home/index
Completed in 6ms (View: 3, DB: 0) | 200 OK [http://localhost/]


Processing ApplicationController#index (for 127.0.0.1 at 2009-12-09 21:32:37) [GET]

ActionController::RoutingError (No route matches "/stylesheets/main.css" with {:method=>:get}):
  

Rendering rescues/layout (not_found)


Processing ApplicationController#index (for 127.0.0.1 at 2009-12-09 21:32:38) [GET]

ActionController::RoutingError (No route matches "/stylesheets/main.css" with {:method=>:get}):
  

Rendering rescues/layout (not_found)


Processing HomeController#index (for 127.0.0.1 at 2009-12-09 21:33:52) [GET]
Rendering template within layouts/home
Rendering home/index
Completed in 6ms (View: 4, DB: 0) | 200 OK [http://localhost/]


Processing ApplicationController#index (for 127.0.0.1 at 2009-12-09 21:33:52) [GET]

ActionController::RoutingError (No route matches "/stylesheets/main.css" with {:method=>:get}):
  

Rendering rescues/layout (not_found)


Processing ApplicationController#index (for 127.0.0.1 at 2009-12-09 21:33:52) [GET]

ActionController::RoutingError (No route matches "/stylesheets/main.css" with {:method=>:get}):
  

Rendering rescues/layout (not_found)


Processing HomeController#index (for 127.0.0.1 at 2009-12-09 21:34:12) [GET]
Rendering template within layouts/home
Rendering home/index
Completed in 5ms (View: 3, DB: 0) | 200 OK [http://localhost/]


Processing ApplicationController#index (for 127.0.0.1 at 2009-12-09 21:34:12) [GET]

ActionController::RoutingError (No route matches "/stylesheets/main.css" with {:method=>:get}):
  

Rendering rescues/layout (not_found)


Processing ApplicationController#index (for 127.0.0.1 at 2009-12-09 21:34:13) [GET]

ActionController::RoutingError (No route matches "/stylesheets/main.css" with {:method=>:get}):
  

Rendering rescues/layout (not_found)


Processing HomeController#index (for 127.0.0.1 at 2009-12-09 21:34:28) [GET]
Rendering template within layouts/home
Rendering home/index
Completed in 6ms (View: 5, DB: 0) | 200 OK [http://localhost/]


Processing ApplicationController#index (for 127.0.0.1 at 2009-12-09 21:34:29) [GET]

ActionController::RoutingError (No route matches "/stylesheets/main.css" with {:method=>:get}):
  

Rendering rescues/layout (not_found)


Processing ApplicationController#index (for 127.0.0.1 at 2009-12-09 21:34:29) [GET]

ActionController::RoutingError (No route matches "/stylesheets/main.css" with {:method=>:get}):
  

Rendering rescues/layout (not_found)


Processing HomeController#index (for 127.0.0.1 at 2009-12-09 21:34:41) [GET]
Rendering template within layouts/home
Rendering home/index
Completed in 5ms (View: 3, DB: 0) | 200 OK [http://localhost/]


Processing ApplicationController#index (for 127.0.0.1 at 2009-12-09 21:34:41) [GET]

ActionController::RoutingError (No route matches "/stylesheets/main.css" with {:method=>:get}):
  

Rendering rescues/layout (not_found)


Processing ApplicationController#index (for 127.0.0.1 at 2009-12-09 21:34:41) [GET]

ActionController::RoutingError (No route matches "/stylesheets/main.css" with {:method=>:get}):
  

Rendering rescues/layout (not_found)


Processing HomeController#index (for 127.0.0.1 at 2009-12-09 21:34:47) [GET]
Rendering template within layouts/home
Rendering home/index
Completed in 5ms (View: 3, DB: 0) | 200 OK [http://localhost/]


Processing ApplicationController#index (for 127.0.0.1 at 2009-12-09 21:34:48) [GET]

ActionController::RoutingError (No route matches "/stylesheets/main.css" with {:method=>:get}):
  

Rendering rescues/layout (not_found)


Processing ApplicationController#index (for 127.0.0.1 at 2009-12-09 21:34:49) [GET]

ActionController::RoutingError (No route matches "/stylesheets/main.css" with {:method=>:get}):
  

Rendering rescues/layout (not_found)


Processing HomeController#index (for 127.0.0.1 at 2009-12-09 21:35:04) [GET]
Rendering template within layouts/home
Rendering home/index
Completed in 6ms (View: 3, DB: 0) | 200 OK [http://localhost/]


Processing ApplicationController#index (for 127.0.0.1 at 2009-12-09 21:35:05) [GET]

ActionController::RoutingError (No route matches "/stylesheets/main.css" with {:method=>:get}):
  

Rendering rescues/layout (not_found)


Processing ApplicationController#index (for 127.0.0.1 at 2009-12-09 21:35:05) [GET]

ActionController::RoutingError (No route matches "/stylesheets/main.css" with {:method=>:get}):
  

Rendering rescues/layout (not_found)


Processing HomeController#index (for 127.0.0.1 at 2009-12-09 21:35:14) [GET]
Rendering template within layouts/home
Rendering home/index
Completed in 6ms (View: 4, DB: 0) | 200 OK [http://localhost/]


Processing ApplicationController#index (for 127.0.0.1 at 2009-12-09 21:35:14) [GET]

ActionController::RoutingError (No route matches "/stylesheets/main.css" with {:method=>:get}):
  

Rendering rescues/layout (not_found)


Processing ApplicationController#index (for 127.0.0.1 at 2009-12-09 21:35:15) [GET]

ActionController::RoutingError (No route matches "/stylesheets/main.css" with {:method=>:get}):
  

Rendering rescues/layout (not_found)


Processing HomeController#index (for 127.0.0.1 at 2009-12-09 21:35:31) [GET]
Rendering template within layouts/home
Rendering home/index
Completed in 7ms (View: 3, DB: 0) | 200 OK [http://localhost/]


Processing ApplicationController#index (for 127.0.0.1 at 2009-12-09 21:35:31) [GET]

ActionController::RoutingError (No route matches "/stylesheets/main.css" with {:method=>:get}):
  

Rendering rescues/layout (not_found)


Processing ApplicationController#index (for 127.0.0.1 at 2009-12-09 21:35:31) [GET]

ActionController::RoutingError (No route matches "/stylesheets/main.css" with {:method=>:get}):
  

Rendering rescues/layout (not_found)


Processing HomeController#index (for 127.0.0.1 at 2009-12-09 21:35:46) [GET]
Rendering template within layouts/home
Rendering home/index
Completed in 5ms (View: 4, DB: 0) | 200 OK [http://localhost/]


Processing ApplicationController#index (for 127.0.0.1 at 2009-12-09 21:35:46) [GET]

ActionController::RoutingError (No route matches "/stylesheets/main.css" with {:method=>:get}):
  

Rendering rescues/layout (not_found)


Processing ApplicationController#index (for 127.0.0.1 at 2009-12-09 21:35:46) [GET]

ActionController::RoutingError (No route matches "/stylesheets/main.css" with {:method=>:get}):
  

Rendering rescues/layout (not_found)
